c:\users\navin.brohier\documents\github\sdl2-ai-assignment\ai assignment\term_ii_template\debug\vc140.pdb
c:\users\navin.brohier\documents\github\sdl2-ai-assignment\ai assignment\term_ii_template\debug\vc140.idb
c:\users\navin.brohier\documents\github\sdl2-ai-assignment\ai assignment\term_ii_template\debug\entity.obj
c:\users\navin.brohier\documents\github\sdl2-ai-assignment\ai assignment\term_ii_template\debug\helper.obj
c:\users\navin.brohier\documents\github\sdl2-ai-assignment\ai assignment\term_ii_template\debug\main.obj
c:\users\navin.brohier\documents\github\sdl2-ai-assignment\ai assignment\term_ii_template\debug\sdlresources.obj
c:\users\navin.brohier\documents\github\sdl2-ai-assignment\ai assignment\term_ii_template\debug\sdlwindow.obj
c:\users\navin.brohier\documents\github\sdl2-ai-assignment\ai assignment\term_ii_template\debug\node.obj
c:\users\navin.brohier\documents\github\sdl2-ai-assignment\ai assignment\term_ii_template\debug\menuscreen.obj
c:\users\navin.brohier\documents\github\sdl2-ai-assignment\ai assignment\term_ii_template\debug\screenmanager.obj
c:\users\navin.brohier\documents\github\sdl2-ai-assignment\ai assignment\term_ii_template\debug\ship.obj
c:\users\navin.brohier\documents\github\sdl2-ai-assignment\ai assignment\term_ii_template\debug\spritegameroutines.obj
c:\users\navin.brohier\documents\github\sdl2-ai-assignment\ai assignment\term_ii_template\debug\spritegamescreen.obj
c:\users\navin.brohier\documents\github\sdl2-ai-assignment\ai assignment\debug\term_ii_template.exe
c:\users\navin.brohier\documents\github\sdl2-ai-assignment\ai assignment\debug\term_ii_template.pdb
c:\users\navin.brohier\documents\github\sdl2-ai-assignment\ai assignment\term_ii_template\debug\term_ii_template.tlog\cl.command.1.tlog
c:\users\navin.brohier\documents\github\sdl2-ai-assignment\ai assignment\term_ii_template\debug\term_ii_template.tlog\cl.read.1.tlog
c:\users\navin.brohier\documents\github\sdl2-ai-assignment\ai assignment\term_ii_template\debug\term_ii_template.tlog\cl.write.1.tlog
c:\users\navin.brohier\documents\github\sdl2-ai-assignment\ai assignment\term_ii_template\debug\term_ii_template.tlog\link.command.1.tlog
c:\users\navin.brohier\documents\github\sdl2-ai-assignment\ai assignment\term_ii_template\debug\term_ii_template.tlog\link.read.1.tlog
c:\users\navin.brohier\documents\github\sdl2-ai-assignment\ai assignment\term_ii_template\debug\term_ii_template.tlog\link.write.1.tlog
